Solving multi-robot motion planning problem...
Solving frequency = 11.7338 Hz
Solving frequency = 18.9717 Hz
Solving frequency = 18.3911 Hz
Solving frequency = 13.2293 Hz
Solving frequency = 15.6507 Hz
Solving frequency = 12.1089 Hz
Solving frequency = 12.7525 Hz
Solving frequency = 16.491 Hz
Solving frequency = 12.4883 Hz
Solving frequency = 13.8106 Hz
Solving frequency = 14.3256 Hz
Solving frequency = 13.845 Hz
Solving frequency = 13.5263 Hz
Solving frequency = 16.629 Hz
Solving frequency = 15.6199 Hz
Solving frequency = 15.822 Hz
Solving frequency = 13.3905 Hz
Solving frequency = 16.5445 Hz
Solving frequency = 11.2081 Hz
Solving frequency = 15.1609 Hz
Solving frequency = 15.5222 Hz
Solving frequency = 18.786 Hz
Solving frequency = 18.957 Hz
Solving frequency = 14.6289 Hz
Solving frequency = 15.5536 Hz
Solving frequency = 19.54 Hz
Solving frequency = 20.555 Hz
Solving frequency = 18.6386 Hz
Solving frequency = 15.3278 Hz
Solving frequency = 18.98 Hz
Solving frequency = 21.2382 Hz
Solving frequency = 20.8629 Hz
Solving frequency = 17.7519 Hz
Solving frequency = 12.2736 Hz
Solving frequency = 17.7418 Hz
Solving frequency = 18.406 Hz
Solving frequency = 18.9581 Hz
Solving frequency = 17.4228 Hz
Solving frequency = 17.2028 Hz
Solving frequency = 16.5292 Hz
Solving frequency = 20.1329 Hz
Solving frequency = 16.7974 Hz
Solving frequency = 13.3763 Hz
Solving frequency = 19.2201 Hz
Solving frequency = 17.0552 Hz
Solving frequency = 21.2906 Hz
Solving frequency = 18.0287 Hz
Solving frequency = 17.0785 Hz
Solving frequency = 13.9175 Hz
Solving frequency = 18.0229 Hz
Solving frequency = 16.8231 Hz
Solving frequency = 17.5895 Hz
Solving frequency = 20.7383 Hz
Solving frequency = 17.2789 Hz
Solving frequency = 14.1941 Hz
Solving frequency = 18.6112 Hz
Solving frequency = 14.4431 Hz
Solving frequency = 12.2041 Hz
Solving frequency = 10.8742 Hz
Solving frequency = 20.5499 Hz
Solving frequency = 22.4326 Hz
Solving frequency = 12.0931 Hz
Solving frequency = 20.4838 Hz
Solving frequency = 19.7192 Hz
Solving frequency = 17.3445 Hz
Solving frequency = 17.6785 Hz
Solving frequency = 9.91198 Hz
Solving frequency = 18.8111 Hz
Solving frequency = 17.6211 Hz
Solving frequency = 17.228 Hz
Solving frequency = 14.5264 Hz
Solving frequency = 13.7675 Hz
Solving frequency = 21.6235 Hz
Solving frequency = 19.8008 Hz
Solving frequency = 17.2724 Hz
Solving frequency = 18.6432 Hz
Solving frequency = 21.1569 Hz
Solving frequency = 18.6508 Hz
Solving frequency = 16.697 Hz
Solving frequency = 17.5874 Hz
Solving frequency = 18.6494 Hz
Solving frequency = 16.086 Hz
Solving frequency = 15.3142 Hz
Solving frequency = 18.0662 Hz
Solving frequency = 14.5616 Hz
Solving frequency = 20.1922 Hz
Solving frequency = 16.6279 Hz
Solving frequency = 20.5982 Hz
Solving frequency = 20.5736 Hz
Solving frequency = 16.6528 Hz
Solving frequency = 19.7941 Hz
Solving frequency = 18.7336 Hz
Solving frequency = 15.298 Hz
Solving frequency = 19.6529 Hz
Solving frequency = 23.1219 Hz
Solving frequency = 14.3447 Hz
Solving frequency = 18.1462 Hz
Solving frequency = 23.4869 Hz
Solving frequency = 22.5616 Hz
Solving frequency = 21.2535 Hz
ERROR:  Maximum number of working set recalculations performed
QP failed
Solving frequency = 14.7195 Hz
Solving frequency = 20.2864 Hz
Solving frequency = 23.1321 Hz
Solving frequency = 27.3868 Hz
Solving frequency = 20.3021 Hz
Solving frequency = 22.058 Hz
Solving frequency = 19.0567 Hz
Solving frequency = 21.691 Hz
Solving frequency = 12.6317 Hz
Solving frequency = 23.3995 Hz
Solving frequency = 20.5643 Hz
Solving frequency = 21.6272 Hz
Solving frequency = 19.3708 Hz
Solving frequency = 20.0509 Hz
Solving frequency = 22.8331 Hz
Solving frequency = 17.7469 Hz
Solving frequency = 18.6279 Hz
Solving frequency = 20.622 Hz
Solving frequency = 16.4271 Hz
Solving frequency = 23.232 Hz
Solving frequency = 17.2876 Hz
Solving frequency = 15.9541 Hz
Solving frequency = 19.5929 Hz
Solving frequency = 19.9976 Hz
ERROR:  Maximum number of working set recalculations performed
QP failed
Solving frequency = 14.9196 Hz
Solving frequency = 19.8362 Hz
Solving frequency = 17.6616 Hz
Solving frequency = 21.3982 Hz
Solving frequency = 22.2534 Hz
Solving frequency = 9.65559 Hz
Solving frequency = 22.5968 Hz
Solving frequency = 12.0814 Hz
Solving frequency = 21.3065 Hz
Solving frequency = 27.3486 Hz
Solving frequency = 15.0968 Hz
Solving frequency = 23.2202 Hz
Solving frequency = 15.9721 Hz
Solving frequency = 23.5671 Hz
Solving frequency = 22.843 Hz
Solving frequency = 24.8868 Hz
Solving frequency = 22.205 Hz
Solving frequency = 23.5666 Hz
Solving frequency = 21.1959 Hz
Solving frequency = 21.7056 Hz
Solving frequency = 24.7445 Hz
Solving frequency = 20.5212 Hz
Solving frequency = 20.7048 Hz
Solving frequency = 33.972 Hz
Solving frequency = 26.6574 Hz
Solving frequency = 32.2706 Hz
Solving frequency = 25.6115 Hz
Solving frequency = 34.33 Hz
Solving frequency = 28.5095 Hz
Solving frequency = 26.4438 Hz
Solving frequency = 29.5421 Hz
Solving frequency = 25.2404 Hz
Solving frequency = 21.7562 Hz
Solving frequency = 32.6126 Hz
Solving frequency = 34.3619 Hz
Solving frequency = 18.4227 Hz
Solving frequency = 32.396 Hz
Solving frequency = 27.1061 Hz
Solving frequency = 19.9056 Hz
Solving frequency = 31.7329 Hz
Solving frequency = 28.5519 Hz
Solving frequency = 27.0088 Hz
Solving frequency = 35.8835 Hz
Solving frequency = 28.5641 Hz
Solving frequency = 39.7867 Hz
Solving frequency = 35.3407 Hz
Solving frequency = 41.1353 Hz
Solving frequency = 31.0222 Hz
Solving frequency = 40.9819 Hz
Solving frequency = 29.7265 Hz
Solving frequency = 39.9553 Hz
Solving frequency = 43.8693 Hz
Solving frequency = 42.2708 Hz
Solving frequency = 34.3277 Hz
Solving frequency = 50.2538 Hz
Solving frequency = 44.4563 Hz
Solving frequency = 32.5542 Hz
Solving frequency = 39.1558 Hz
Solving frequency = 34.4851 Hz
Solving frequency = 44.8612 Hz
Solving frequency = 42.6585 Hz
Solving frequency = 48.6689 Hz
Solving frequency = 42.8964 Hz
Solving frequency = 48.391 Hz
Solving frequency = 35.8719 Hz
Solving frequency = 44.0917 Hz
Solving frequency = 45.6225 Hz
Solving frequency = 47.4473 Hz
Solving frequency = 46.9947 Hz
Solving frequency = 47.7304 Hz
Solving frequency = 48.3676 Hz
Solving frequency = 31.9142 Hz
Solving frequency = 23.3935 Hz
Solving frequency = 28.8384 Hz
Solving frequency = 50.6278 Hz
Solving frequency = 40.9937 Hz
Solving frequency = 50.7202 Hz
Solving frequency = 53.6884 Hz
Solving frequency = 46.2406 Hz
Solving frequency = 49.0653 Hz
Solving frequency = 51.6049 Hz
Solving frequency = 49.2635 Hz
Solving frequency = 37.2426 Hz
Solving frequency = 48.8854 Hz
Solving frequency = 49.6106 Hz
Solving frequency = 47.4789 Hz
Solving frequency = 53.087 Hz
Solving frequency = 52.3095 Hz
Solving frequency = 32.8202 Hz
Solving frequency = 53.251 Hz
Solving frequency = 48.3489 Hz
Solving frequency = 48.8759 Hz
Solving frequency = 47.9386 Hz
Solving frequency = 33.5593 Hz
Solving frequency = 53.5934 Hz
Solving frequency = 52.9437 Hz
Solving frequency = 51.8807 Hz
Solving frequency = 53.2113 Hz
Solving frequency = 52.5624 Hz
Solving frequency = 54.339 Hz
Solving frequency = 56.0193 Hz
Solving frequency = 51.7036 Hz
Solving frequency = 51.261 Hz
Solving frequency = 54.1008 Hz
Solving frequency = 35.4925 Hz
Solving frequency = 58.3873 Hz
Solving frequency = 34.4531 Hz
Solving frequency = 56.1104 Hz
Solving frequency = 59.4884 Hz
Solving frequency = 53.4931 Hz
Solving frequency = 52.6343 Hz
Solving frequency = 43.0923 Hz
Solving frequency = 59.1646 Hz
Solving frequency = 57.5142 Hz
Solving frequency = 61.9157 Hz
Solving frequency = 54.404 Hz
Solving frequency = 58.5754 Hz
Solving frequency = 54.8216 Hz
Solving frequency = 57.2705 Hz
Solving frequency = 52.9521 Hz
Solving frequency = 58.1734 Hz
Solving frequency = 60.423 Hz
Solving frequency = 59.9988 Hz
Solving frequency = 53.8097 Hz
Solving frequency = 45.3165 Hz
Solving frequency = 51.2794 Hz
Solving frequency = 50.4032 Hz
Solving frequency = 40.3096 Hz
Solving frequency = 38.0546 Hz
Solving frequency = 51.2636 Hz
Solving frequency = 59.3014 Hz
Solving frequency = 59.2979 Hz
Solving frequency = 57.3394 Hz
Solving frequency = 56.9087 Hz
Solving frequency = 58.9588 Hz
Solving frequency = 47.9249 Hz
Solving frequency = 46.1212 Hz
Solving frequency = 56.7344 Hz
Solving frequency = 55.8378 Hz
Solving frequency = 56.654 Hz
Solving frequency = 60.4339 Hz
Solving frequency = 46.3843 Hz
Solving frequency = 35.4384 Hz
Solving frequency = 56.5515 Hz
Solving frequency = 33.5649 Hz
Solving frequency = 54.5345 Hz
Solving frequency = 61.192 Hz
Solving frequency = 40.0256 Hz
Solving frequency = 56.3444 Hz
Solving frequency = 58.2954 Hz
Solving frequency = 58.2445 Hz
Solving frequency = 56.9703 Hz
Solving frequency = 55.1146 Hz
Solving frequency = 52.9409 Hz
Solving frequency = 55.8191 Hz
Solving frequency = 52.3314 Hz
Solving frequency = 55.6235 Hz
Solving frequency = 58.7475 Hz
Solving frequency = 47.7852 Hz
Solving frequency = 55.8347 Hz
Solving frequency = 56.6219 Hz
Solving frequency = 26.6724 Hz
Solving frequency = 25.7221 Hz
Solving frequency = 59.0842 Hz
Solving frequency = 57.9039 Hz
Solving frequency = 57.1102 Hz
Solving frequency = 45.7917 Hz
Solving frequency = 55.9816 Hz
Solving frequency = 55.06 Hz
Solving frequency = 55.5463 Hz
Solving frequency = 60.5987 Hz
Solving frequency = 58.8859 Hz
Solving frequency = 58.2785 Hz
Solving frequency = 56.6669 Hz
Solving frequency = 59.1506 Hz
Solving frequency = 57.9811 Hz
Solving frequency = 56.7215 Hz
Solving frequency = 56.9866 Hz
Solving frequency = 59.8158 Hz
Solving frequency = 56.2715 Hz
Solving frequency = 57.2312 Hz
Solving frequency = 56.6444 Hz
Solving frequency = 59.9018 Hz
Solving frequency = 56.8505 Hz
Solving frequency = 56.1262 Hz
Solving frequency = 57.8102 Hz
Solving frequency = 56.1293 Hz
Solving frequency = 58.2988 Hz
Solving frequency = 50.6175 Hz
Solving frequency = 57.6236 Hz
Solving frequency = 55.3649 Hz
Solving frequency = 56.5291 Hz
Solving frequency = 38.844 Hz
Solving frequency = 59.1191 Hz
Solving frequency = 58.7406 Hz
Solving frequency = 58.9414 Hz
Solving frequency = 42.0027 Hz
Solving frequency = 58.5172 Hz
Solving frequency = 60.4924 Hz
Solving frequency = 57.8369 Hz
Solving frequency = 57.1396 Hz
Solving frequency = 52.5541 Hz
Solving frequency = 55.2486 Hz
Solving frequency = 59.1121 Hz
Solving frequency = 52.6205 Hz
Solving frequency = 35.121 Hz
Solving frequency = 54.4099 Hz
Solving frequency = 54.9904 Hz
Solving frequency = 48.852 Hz
Solving frequency = 57.5838 Hz
Solving frequency = 58.9866 Hz
Solving frequency = 58.9449 Hz
Solving frequency = 41.2831 Hz
Solving frequency = 58.8132 Hz
Solving frequency = 54.8667 Hz
Solving frequency = 58.6786 Hz
Solving frequency = 52.7704 Hz
Solving frequency = 50.4185 Hz
Solving frequency = 56.6669 Hz
Solving frequency = 57.4812 Hz
Solving frequency = 53.7721 Hz
Solving frequency = 57.0776 Hz
Solving frequency = 52.9017 Hz
Solving frequency = 55.6297 Hz
Solving frequency = 60.4193 Hz
Solving frequency = 55.8129 Hz
Solving frequency = 58.5172 Hz
Solving frequency = 59.3507 Hz
Solving frequency = 56.744 Hz
Solving frequency = 45.4339 Hz
Solving frequency = 58.0383 Hz
Solving frequency = 56.9314 Hz
Solving frequency = 59.2277 Hz
Solving frequency = 52.04 Hz
Solving frequency = 43.4197 Hz
Solving frequency = 49.4096 Hz
Solving frequency = 52.2193 Hz
Solving frequency = 47.1409 Hz
Solving frequency = 48.1209 Hz
Solving frequency = 56.0224 Hz
Solving frequency = 53.6913 Hz
Solving frequency = 58.9936 Hz
Solving frequency = 39.8851 Hz
Solving frequency = 34.3997 Hz
Solving frequency = 59.0388 Hz
Solving frequency = 55.5093 Hz
Solving frequency = 54.3331 Hz
Solving frequency = 57.7801 Hz
Solving frequency = 59.499 Hz
Solving frequency = 55.6917 Hz
Solving frequency = 56.4302 Hz
Solving frequency = 38.2717 Hz
Solving frequency = 56.2461 Hz
Solving frequency = 56.7279 Hz
Solving frequency = 22.4286 Hz
Solving frequency = 44.5077 Hz
Solving frequency = 56.8861 Hz
Solving frequency = 52.173 Hz
Solving frequency = 59.0005 Hz
Solving frequency = 54.5703 Hz
Solving frequency = 48.5296 Hz
Solving frequency = 51.3532 Hz
Solving frequency = 59.2171 Hz
Solving frequency = 58.326 Hz
Solving frequency = 51.878 Hz
Solving frequency = 57.7734 Hz
Solving frequency = 57.8235 Hz
Solving frequency = 47.4293 Hz
Solving frequency = 59.4071 Hz
Solving frequency = 59.4071 Hz
Solving frequency = 56.8634 Hz
Solving frequency = 56.443 Hz
Solving frequency = 58.7096 Hz
Solving frequency = 56.2905 Hz
Solving frequency = 55.8191 Hz
Solving frequency = 59.1331 Hz
Solving frequency = 52.5901 Hz
Solving frequency = 55.966 Hz
Solving frequency = 38.3112 Hz
Solving frequency = 50.597 Hz
Solving frequency = 55.4139 Hz
Solving frequency = 54.2682 Hz
Solving frequency = 54.7405 Hz
Solving frequency = 60.8051 Hz
Solving frequency = 55.5031 Hz
Solving frequency = 56.6444 Hz
Solving frequency = 55.7041 Hz
Solving frequency = 60.4741 Hz
Solving frequency = 53.396 Hz
Solving frequency = 43.8443 Hz
Solving frequency = 46.0723 Hz
Solving frequency = 39.7725 Hz
Solving frequency = 50.7202 Hz
Solving frequency = 58.9171 Hz
Solving frequency = 57.7667 Hz
Solving frequency = 34.8845 Hz
Solving frequency = 56.5867 Hz
Solving frequency = 58.0484 Hz
Solving frequency = 59.1751 Hz
Solving frequency = 56.2177 Hz
Solving frequency = 58.7648 Hz
Solving frequency = 57.2246 Hz
Solving frequency = 34.2103 Hz
Solving frequency = 54.0132 Hz
Solving frequency = 54.9813 Hz
Solving frequency = 56.5483 Hz
Solving frequency = 37.407 Hz
Solving frequency = 57.3394 Hz
Solving frequency = 55.8566 Hz
Solving frequency = 57.1363 Hz
Solving frequency = 59.2768 Hz
Solving frequency = 57.6469 Hz
Solving frequency = 54.0336 Hz
Solving frequency = 41.8113 Hz
Solving frequency = 54.5316 Hz
Solving frequency = 52.1186 Hz
Solving frequency = 59.5061 Hz
Solving frequency = 43.67 Hz
Solving frequency = 35.9389 Hz
Solving frequency = 34.5554 Hz
Solving frequency = 50.3854 Hz
Solving frequency = 35.6227 Hz
Solving frequency = 54.1008 Hz
Solving frequency = 60.0925 Hz
Solving frequency = 58.1328 Hz
Solving frequency = 56.9801 Hz
Solving frequency = 59.8552 Hz
Solving frequency = 45.9517 Hz
Solving frequency = 57.9979 Hz
Solving frequency = 52.8011 Hz
Solving frequency = 26.5957 Hz
Solving frequency = 27.7416 Hz
Solving frequency = 57.7901 Hz
Solving frequency = 57.5805 Hz
Solving frequency = 58.6751 Hz
Solving frequency = 57.5971 Hz
Solving frequency = 57.8235 Hz
Solving frequency = 53.674 Hz
Solving frequency = 50.2235 Hz
Solving frequency = 36.543 Hz
Solving frequency = 55.5062 Hz
Solving frequency = 58.4351 Hz
Solving frequency = 56.373 Hz
Solving frequency = 43.2919 Hz
Solving frequency = 56.1451 Hz
Solving frequency = 58.0518 Hz
Solving frequency = 55.5803 Hz
Solving frequency = 57.4416 Hz
Solving frequency = 52.0942 Hz
Solving frequency = 57.0418 Hz
Solving frequency = 59.2347 Hz
Solving frequency = 50.3297 Hz
Solving frequency = 36.503 Hz
Solving frequency = 57.2705 Hz
Solving frequency = 55.6019 Hz
Solving frequency = 53.1745 Hz
Solving frequency = 56.3825 Hz
Solving frequency = 49.8604 Hz
Solving frequency = 55.8503 Hz
Solving frequency = 60.2301 Hz
Solving frequency = 60.006 Hz
Solving frequency = 59.6659 Hz
Solving frequency = 51.1876 Hz
Solving frequency = 51.2085 Hz
Solving frequency = 48.4614 Hz
Solving frequency = 54.1419 Hz
Solving frequency = 24.809 Hz
Solving frequency = 46.1808 Hz
Solving frequency = 58.7855 Hz
Solving frequency = 55.5494 Hz
Solving frequency = 55.0297 Hz
Solving frequency = 37.0055 Hz
Solving frequency = 27.465 Hz
Solving frequency = 50.4719 Hz
Solving frequency = 60.7275 Hz
Solving frequency = 58.9657 Hz
Solving frequency = 38.4143 Hz
Solving frequency = 33.9064 Hz
Solving frequency = 59.805 Hz
Solving frequency = 57.5308 Hz
Solving frequency = 54.3567 Hz
Solving frequency = 57.1004 Hz
Solving frequency = 24.1453 Hz
Solving frequency = 57.0776 Hz
Solving frequency = 58.6648 Hz
Solving frequency = 56.5515 Hz
Solving frequency = 37.0672 Hz
Solving frequency = 55.1755 Hz
Solving frequency = 57.019 Hz
Solving frequency = 44.8229 Hz
Solving frequency = 59.4601 Hz
Solving frequency = 59.7907 Hz
Solving frequency = 57.4977 Hz
Solving frequency = 59.1156 Hz
Solving frequency = 29.8134 Hz
Solving frequency = 57.867 Hz
Solving frequency = 53.9025 Hz
Solving frequency = 57.3756 Hz
Solving frequency = 56.9638 Hz
Solving frequency = 54.8847 Hz
Solving frequency = 37.0837 Hz
Solving frequency = 39.7346 Hz
Solving frequency = 52.8653 Hz
Solving frequency = 54.5792 Hz
Solving frequency = 57.0288 Hz
Solving frequency = 56.8925 Hz
Solving frequency = 58.4795 Hz
Solving frequency = 57.9475 Hz
Solving frequency = 58.9136 Hz
Solving frequency = 59.0179 Hz
Solving frequency = 57.2902 Hz
Solving frequency = 55.4017 Hz
Solving frequency = 58.0046 Hz
Solving frequency = 39.5163 Hz
Solving frequency = 57.5374 Hz
Solving frequency = 57.7301 Hz
Solving frequency = 58.8685 Hz
Solving frequency = 44.2087 Hz
Solving frequency = 57.9374 Hz
Solving frequency = 60.0096 Hz
Solving frequency = 55.2792 Hz
Solving frequency = 39.9409 Hz
Solving frequency = 48.5578 Hz
Solving frequency = 56.1829 Hz
Solving frequency = 61.9157 Hz
Solving frequency = 60.4558 Hz
Solving frequency = 59.9269 Hz
Solving frequency = 27.297 Hz
Solving frequency = 32.2529 Hz
Solving frequency = 58.2309 Hz
Solving frequency = 56.9346 Hz
Solving frequency = 41.2899 Hz
Solving frequency = 33.6089 Hz
Solving frequency = 54.277 Hz
Solving frequency = 45.6496 Hz
Solving frequency = 42.3801 Hz
Solving frequency = 55.3342 Hz
Solving frequency = 17.8094 Hz
Solving frequency = 57.5473 Hz
Solving frequency = 45.469 Hz
Solving frequency = 49.8853 Hz
Solving frequency = 41.731 Hz
Solving frequency = 51.6022 Hz
Solving frequency = 40.1413 Hz
Solving frequency = 43.3708 Hz
Solving frequency = 49.0461 Hz
Solving frequency = 44.7147 Hz
Solving frequency = 57.1167 Hz
Solving frequency = 54.2241 Hz
Solving frequency = 46.0978 Hz
Solving frequency = 35.5758 Hz
Solving frequency = 26.2702 Hz
Solving frequency = 45.8253 Hz
Solving frequency = 39.6244 Hz
Solving frequency = 34.9491 Hz
Solving frequency = 33.3868 Hz
Solving frequency = 31.2256 Hz
Solving frequency = 33.6519 Hz
Solving frequency = 39.3515 Hz
Solving frequency = 46.5246 Hz
Solving frequency = 53.6423 Hz
Solving frequency = 54.3124 Hz
Solving frequency = 54.5345 Hz
Solving frequency = 46.5484 Hz
Solving frequency = 44.5653 Hz
Solving frequency = 33.9893 Hz
Solving frequency = 35.5391 Hz
Solving frequency = 43.8904 Hz
Solving frequency = 26.6496 Hz
Solving frequency = 32.2706 Hz
Solving frequency = 31.0829 Hz
Solving frequency = 38.7717 Hz
Solving frequency = 54.4484 Hz
Solving frequency = 51.9724 Hz
Solving frequency = 31.7028 Hz
Solving frequency = 25.1915 Hz
Collision constraint violation: Vehicles 0 and 1 will be 0.0884778m apart @ t = 3.01s
Collision constraint violation: Vehicles 0 and 4 will be 0.119668m apart @ t = 4.77s
Collision constraint violation: Vehicles 0 and 6 will be 0.109785m apart @ t = 21.88s
Collision constraint violation: Vehicles 0 and 12 will be 0.105918m apart @ t = 20.06s
Collision constraint violation: Vehicles 0 and 18 will be 0.105936m apart @ t = 18.4s
Collision constraint violation: Vehicles 0 and 36 will be 0.106496m apart @ t = 11.47s
Collision constraint violation: Vehicles 1 and 3 will be 0.0631142m apart @ t = 4.52s
Collision constraint violation: Vehicles 1 and 5 will be 0.127358m apart @ t = 4.55s
Collision constraint violation: Vehicles 1 and 7 will be 0.121436m apart @ t = 21.56s
Collision constraint violation: Vehicles 1 and 13 will be 0.123075m apart @ t = 19.12s
Collision constraint violation: Vehicles 1 and 19 will be 0.0614356m apart @ t = 17.41s
Collision constraint violation: Vehicles 1 and 25 will be 0.118047m apart @ t = 9.33s
Collision constraint violation: Vehicles 2 and 3 will be 0.124541m apart @ t = 2.63s
Collision constraint violation: Vehicles 2 and 8 will be 0.131429m apart @ t = 22.14s
Collision constraint violation: Vehicles 2 and 14 will be 0.0871785m apart @ t = 20.08s
Collision constraint violation: Vehicles 2 and 20 will be 0.0852979m apart @ t = 18.38s
Collision constraint violation: Vehicles 2 and 32 will be 0.134507m apart @ t = 10.62s
Collision constraint violation: Vehicles 2 and 44 will be 0.0988688m apart @ t = 12.83s
Collision constraint violation: Vehicles 3 and 9 will be 0.121433m apart @ t = 21.76s
Collision constraint violation: Vehicles 3 and 21 will be 0.140105m apart @ t = 18.11s
Collision constraint violation: Vehicles 3 and 27 will be 0.133458m apart @ t = 9.52s
Collision constraint violation: Vehicles 3 and 33 will be 0.113236m apart @ t = 10.07s
Collision constraint violation: Vehicles 3 and 39 will be 0.113138m apart @ t = 11.53s
Collision constraint violation: Vehicles 3 and 45 will be 0.140149m apart @ t = 12.27s
Collision constraint violation: Vehicles 4 and 5 will be 0.0888785m apart @ t = 2.5s
Collision constraint violation: Vehicles 4 and 10 will be 0.0968696m apart @ t = 21.99s
Collision constraint violation: Vehicles 4 and 16 will be 0.115391m apart @ t = 20.24s
Collision constraint violation: Vehicles 4 and 22 will be 0.0996263m apart @ t = 18.25s
Collision constraint violation: Vehicles 4 and 46 will be 0.102997m apart @ t = 12.39s
Collision constraint violation: Vehicles 5 and 11 will be 0.101657m apart @ t = 22.11s
Collision constraint violation: Vehicles 5 and 17 will be 0.137213m apart @ t = 20.18s
Collision constraint violation: Vehicles 5 and 23 will be 0.0683022m apart @ t = 18.32s
Collision constraint violation: Vehicles 5 and 41 will be 0.12452m apart @ t = 11.78s
Collision constraint violation: Vehicles 6 and 18 will be 0.14054m apart @ t = 14.63s
Collision constraint violation: Vehicles 6 and 30 will be 0.106142m apart @ t = 8.86s
Collision constraint violation: Vehicles 6 and 36 will be 0.118458m apart @ t = 10.29s
Collision constraint violation: Vehicles 7 and 11 will be 0.0519424m apart @ t = 5.09s
Collision constraint violation: Vehicles 7 and 13 will be 0.0670822m apart @ t = 17.58s
Collision constraint violation: Vehicles 7 and 19 will be 0.079173m apart @ t = 15.79s
Collision constraint violation: Vehicles 7 and 31 will be 0.0857067m apart @ t = 9.54s
Collision constraint violation: Vehicles 7 and 37 will be 0.123552m apart @ t = 10.34s
Collision constraint violation: Vehicles 8 and 14 will be 0.0511335m apart @ t = 16.85s
Collision constraint violation: Vehicles 8 and 20 will be 0.0934675m apart @ t = 14.81s
Collision constraint violation: Vehicles 8 and 26 will be 0.10044m apart @ t = 7.95s
Collision constraint violation: Vehicles 8 and 32 will be 0.0371734m apart @ t = 8.7s
Collision constraint violation: Vehicles 8 and 38 will be 0.0420562m apart @ t = 9.68s
Collision constraint violation: Vehicles 8 and 44 will be 0.137164m apart @ t = 10.85s
Collision constraint violation: Vehicles 9 and 15 will be 0.0775354m apart @ t = 17.51s
Collision constraint violation: Vehicles 9 and 21 will be 0.0767496m apart @ t = 15.81s
Collision constraint violation: Vehicles 9 and 33 will be 0.0999752m apart @ t = 8.87s
Collision constraint violation: Vehicles 9 and 45 will be 0.0942764m apart @ t = 10.95s
Collision constraint violation: Vehicles 10 and 16 will be 0.0666809m apart @ t = 17.76s
Collision constraint violation: Vehicles 10 and 22 will be 0.0654323m apart @ t = 16.11s
Collision constraint violation: Vehicles 10 and 46 will be 0.115164m apart @ t = 11.16s
Collision constraint violation: Vehicles 11 and 17 will be 0.078258m apart @ t = 17.89s
Collision constraint violation: Vehicles 11 and 23 will be 0.127537m apart @ t = 15.84s
Collision constraint violation: Vehicles 11 and 35 will be 0.0821384m apart @ t = 9.88s
Collision constraint violation: Vehicles 11 and 41 will be 0.0704199m apart @ t = 10.58s
Collision constraint violation: Vehicles 12 and 30 will be 0.0835719m apart @ t = 8.08s
Collision constraint violation: Vehicles 12 and 36 will be 0.120405m apart @ t = 9.62s
Collision constraint violation: Vehicles 12 and 42 will be 0.0750966m apart @ t = 10.26s
Collision constraint violation: Vehicles 14 and 20 will be 0.103942m apart @ t = 12.75s
Collision constraint violation: Vehicles 14 and 38 will be 0.0740441m apart @ t = 8.85s
Collision constraint violation: Vehicles 14 and 44 will be 0.0819548m apart @ t = 9.98s
Collision constraint violation: Vehicles 15 and 17 will be 0.0906466m apart @ t = 5.39s
Collision constraint violation: Vehicles 15 and 21 will be 0.134944m apart @ t = 14.03s
Collision constraint violation: Vehicles 15 and 45 will be 0.134585m apart @ t = 10.14s
Collision constraint violation: Vehicles 16 and 17 will be 0.118961m apart @ t = 2.4s
Collision constraint violation: Vehicles 16 and 22 will be 0.120433m apart @ t = 13.63s
Collision constraint violation: Vehicles 16 and 46 will be 0.0252174m apart @ t = 10.41s
Collision constraint violation: Vehicles 17 and 23 will be 0.0779941m apart @ t = 15.08s
Collision constraint violation: Vehicles 17 and 29 will be 0.0849457m apart @ t = 8.1s
Collision constraint violation: Vehicles 17 and 41 will be 0.0624393m apart @ t = 9.96s
Collision constraint violation: Vehicles 18 and 19 will be 0.0483955m apart @ t = 3.05s
Collision constraint violation: Vehicles 18 and 22 will be 0.136877m apart @ t = 5.34s
Collision constraint violation: Vehicles 19 and 23 will be 0.0731586m apart @ t = 4.57s
Collision constraint violation: Vehicles 19 and 31 will be 0.0506531m apart @ t = 7.24s
Collision constraint violation: Vehicles 19 and 37 will be 0.0569284m apart @ t = 7.84s
Collision constraint violation: Vehicles 20 and 21 will be 0.0845992m apart @ t = 2.37s
Collision constraint violation: Vehicles 20 and 22 will be 0.0575651m apart @ t = 5.75s
Collision constraint violation: Vehicles 20 and 32 will be 0.148217m apart @ t = 7.38s
Collision constraint violation: Vehicles 20 and 38 will be 0.0735145m apart @ t = 8.6s
Collision constraint violation: Vehicles 20 and 44 will be 0.0503638m apart @ t = 9.71s
Collision constraint violation: Vehicles 21 and 45 will be 0.0776094m apart @ t = 9.44s
Collision constraint violation: Vehicles 22 and 40 will be 0.112146m apart @ t = 8.46s
Collision constraint violation: Vehicles 23 and 29 will be 0.128038m apart @ t = 6.8s
Collision constraint violation: Vehicles 23 and 35 will be 0.0611625m apart @ t = 7.51s
Collision constraint violation: Vehicles 24 and 25 will be 0.10822m apart @ t = 2.63s
Collision constraint violation: Vehicles 24 and 30 will be 0.131639m apart @ t = 13.82s
Collision constraint violation: Vehicles 24 and 36 will be 0.134789m apart @ t = 15.83s
Collision constraint violation: Vehicles 25 and 27 will be 0.0619805m apart @ t = 4.73s
Collision constraint violation: Vehicles 25 and 31 will be 0.140071m apart @ t = 13.48s
Collision constraint violation: Vehicles 25 and 37 will be 0.0731523m apart @ t = 16.04s
Collision constraint violation: Vehicles 25 and 43 will be 0.144651m apart @ t = 17.51s
Collision constraint violation: Vehicles 26 and 27 will be 0.0342582m apart @ t = 2.68s
Collision constraint violation: Vehicles 26 and 28 will be 0.115396m apart @ t = 5.33s
Collision constraint violation: Vehicles 26 and 32 will be 0.0650229m apart @ t = 13.42s
Collision constraint violation: Vehicles 26 and 38 will be 0.0810427m apart @ t = 15.83s
Collision constraint violation: Vehicles 26 and 44 will be 0.106436m apart @ t = 17.98s
Collision constraint violation: Vehicles 27 and 39 will be 0.0835082m apart @ t = 16.22s
Collision constraint violation: Vehicles 27 and 45 will be 0.124286m apart @ t = 17.58s
Collision constraint violation: Vehicles 28 and 40 will be 0.0785838m apart @ t = 15.62s
Collision constraint violation: Vehicles 28 and 46 will be 0.0954703m apart @ t = 18.04s
Collision constraint violation: Vehicles 29 and 35 will be 0.0669026m apart @ t = 14.43s
Collision constraint violation: Vehicles 29 and 47 will be 0.113677m apart @ t = 17.56s
Collision constraint violation: Vehicles 30 and 36 will be 0.101219m apart @ t = 17.64s
Collision constraint violation: Vehicles 31 and 33 will be 0.0935551m apart @ t = 4.4s
Collision constraint violation: Vehicles 31 and 37 will be 0.0852514m apart @ t = 17.87s
Collision constraint violation: Vehicles 32 and 33 will be 0.11141m apart @ t = 2.45s
Collision constraint violation: Vehicles 32 and 38 will be 0.0463502m apart @ t = 17.42s
Collision constraint violation: Vehicles 32 and 44 will be 0.0944243m apart @ t = 19.82s
Collision constraint violation: Vehicles 33 and 39 will be 0.0595894m apart @ t = 17.88s
Collision constraint violation: Vehicles 33 and 45 will be 0.113699m apart @ t = 19.31s
Collision constraint violation: Vehicles 34 and 35 will be 0.10117m apart @ t = 2.65s
Collision constraint violation: Vehicles 34 and 46 will be 0.0587059m apart @ t = 19.87s
Collision constraint violation: Vehicles 35 and 47 will be 0.0454997m apart @ t = 19.34s
Collision constraint violation: Vehicles 36 and 42 will be 0.0930631m apart @ t = 21.17s
Collision constraint violation: Vehicles 37 and 43 will be 0.0503045m apart @ t = 20.98s
Collision constraint violation: Vehicles 38 and 40 will be 0.0635852m apart @ t = 5.41s
Collision constraint violation: Vehicles 38 and 44 will be 0.0649307m apart @ t = 21.51s
Collision constraint violation: Vehicles 39 and 41 will be 0.0685549m apart @ t = 5.27s
Collision constraint violation: Vehicles 39 and 45 will be 0.0916246m apart @ t = 21.03s
Collision constraint violation: Vehicles 40 and 41 will be 0.0860102m apart @ t = 2.72s
Collision constraint violation: Vehicles 40 and 46 will be 0.0900945m apart @ t = 21.34s
Collision constraint violation: Vehicles 41 and 47 will be 0.143255m apart @ t = 20.82s
Collision constraint violation: Vehicles 42 and 44 will be 0.129508m apart @ t = 4.7s
Collision constraint violation: Vehicles 42 and 46 will be 0.12318m apart @ t = 4.82s
Collision constraint violation: Vehicles 44 and 45 will be 0.131368m apart @ t = 2.56s
Collision constraint violation: Vehicles 45 and 47 will be 0.0523837m apart @ t = 6.19s
Collision constraint violation: Vehicles 46 and 47 will be 0.0692991m apart @ t = 2.61s
All the vehicles reached their goals!
Writing solution to text file...