Solving multi-robot motion planning problem...
Solving frequency = 20.3364 Hz
Solving frequency = 21.226 Hz
Solving frequency = 20.3633 Hz
Solving frequency = 20.2437 Hz
Solving frequency = 19.9808 Hz
Solving frequency = 23.1102 Hz
Solving frequency = 26.3338 Hz
Solving frequency = 26.8111 Hz
Solving frequency = 22.8097 Hz
Solving frequency = 23.4241 Hz
Solving frequency = 24.6621 Hz
Solving frequency = 28.7745 Hz
Solving frequency = 26.3116 Hz
Solving frequency = 26.2027 Hz
Solving frequency = 22.8864 Hz
Solving frequency = 27.4003 Hz
Solving frequency = 27.1481 Hz
Solving frequency = 26.5548 Hz
Solving frequency = 22.9384 Hz
Solving frequency = 25.74 Hz
Solving frequency = 26.9498 Hz
Solving frequency = 27.9971 Hz
Solving frequency = 26.2068 Hz
Solving frequency = 25.0809 Hz
Solving frequency = 25.9956 Hz
Solving frequency = 26.6418 Hz
Solving frequency = 30.0363 Hz
Solving frequency = 27.9658 Hz
Solving frequency = 24.4912 Hz
Solving frequency = 25.7129 Hz
Solving frequency = 26.189 Hz
Solving frequency = 30.135 Hz
Solving frequency = 27.2985 Hz
Solving frequency = 27.6625 Hz
Solving frequency = 26.8969 Hz
Solving frequency = 28.0379 Hz
Solving frequency = 28.6139 Hz
Solving frequency = 27.248 Hz
Solving frequency = 27.4975 Hz
Solving frequency = 26.2757 Hz
Solving frequency = 28.0026 Hz
Solving frequency = 25.2979 Hz
Solving frequency = 26.718 Hz
Solving frequency = 27.5581 Hz
Solving frequency = 23.6155 Hz
Solving frequency = 23.908 Hz
Solving frequency = 22.3224 Hz
Solving frequency = 21.2067 Hz
Solving frequency = 22.3474 Hz
Solving frequency = 21.7652 Hz
Solving frequency = 25.5885 Hz
Solving frequency = 24.8164 Hz
Solving frequency = 24.0004 Hz
Solving frequency = 22.4427 Hz
Solving frequency = 24.7574 Hz
Solving frequency = 25.6667 Hz
Solving frequency = 25.1496 Hz
Solving frequency = 22.5902 Hz
Solving frequency = 22.205 Hz
Solving frequency = 24.2583 Hz
Solving frequency = 23.0654 Hz
Solving frequency = 25.2538 Hz
Solving frequency = 25.0332 Hz
Solving frequency = 24.825 Hz
Solving frequency = 25.1693 Hz
Solving frequency = 23.6429 Hz
Solving frequency = 22.4921 Hz
Solving frequency = 22.8749 Hz
Solving frequency = 22.4391 Hz
Solving frequency = 20.7508 Hz
Solving frequency = 24.1319 Hz
Solving frequency = 22.3369 Hz
Solving frequency = 24.6051 Hz
Solving frequency = 21.5629 Hz
Solving frequency = 26.1849 Hz
Solving frequency = 21.8055 Hz
Solving frequency = 23.1803 Hz
Solving frequency = 25.0557 Hz
Solving frequency = 24.6664 Hz
Solving frequency = 24.3078 Hz
Solving frequency = 21.8193 Hz
Solving frequency = 24.2872 Hz
Solving frequency = 21.0562 Hz
Solving frequency = 25.6535 Hz
Solving frequency = 23.423 Hz
Solving frequency = 24.3849 Hz
Solving frequency = 24.4099 Hz
Solving frequency = 22.3929 Hz
Solving frequency = 27.1047 Hz
Solving frequency = 24.2642 Hz
Solving frequency = 23.9705 Hz
Solving frequency = 24.6853 Hz
Solving frequency = 25.257 Hz
Solving frequency = 27.6358 Hz
Solving frequency = 25.2258 Hz
Solving frequency = 23.7361 Hz
Solving frequency = 27.8064 Hz
Solving frequency = 26.0058 Hz
Solving frequency = 30.1541 Hz
Solving frequency = 27.0314 Hz
Solving frequency = 29.1189 Hz
Solving frequency = 31.9407 Hz
Solving frequency = 34.5042 Hz
Solving frequency = 32.0256 Hz
Solving frequency = 34.4187 Hz
Solving frequency = 30.373 Hz
Solving frequency = 31.2471 Hz
Solving frequency = 30.9301 Hz
Solving frequency = 33.2436 Hz
Solving frequency = 29.6639 Hz
Solving frequency = 30.9722 Hz
Solving frequency = 33.4381 Hz
Solving frequency = 33.8112 Hz
Solving frequency = 35.7054 Hz
Solving frequency = 30.0634 Hz
Solving frequency = 36.7175 Hz
Solving frequency = 38.0967 Hz
Solving frequency = 33.1598 Hz
Solving frequency = 37.7302 Hz
Solving frequency = 34.2501 Hz
Solving frequency = 34.6153 Hz
Solving frequency = 35.8912 Hz
Solving frequency = 39.7772 Hz
Solving frequency = 39.0533 Hz
Solving frequency = 34.8262 Hz
Solving frequency = 37.47 Hz
Solving frequency = 33.2602 Hz
Solving frequency = 34.4887 Hz
Solving frequency = 41.3942 Hz
Solving frequency = 37.3818 Hz
Solving frequency = 37.0165 Hz
Solving frequency = 42.8982 Hz
Solving frequency = 43.6053 Hz
Solving frequency = 46.8209 Hz
Solving frequency = 40.4776 Hz
Solving frequency = 47.7646 Hz
Solving frequency = 44.601 Hz
Solving frequency = 48.7948 Hz
Solving frequency = 49.3608 Hz
Solving frequency = 46.9263 Hz
Solving frequency = 48.4543 Hz
Solving frequency = 47.9777 Hz
Solving frequency = 38.6056 Hz
Solving frequency = 37.5657 Hz
Solving frequency = 49.4438 Hz
Solving frequency = 53.1011 Hz
Solving frequency = 55.8378 Hz
Solving frequency = 55.5864 Hz
Solving frequency = 55.5648 Hz
Solving frequency = 51.0543 Hz
Solving frequency = 50.5996 Hz
Solving frequency = 48.1904 Hz
Solving frequency = 48.2462 Hz
Solving frequency = 57.2574 Hz
Solving frequency = 57.4284 Hz
Solving frequency = 54.2652 Hz
Solving frequency = 59.2487 Hz
Solving frequency = 57.6136 Hz
Solving frequency = 60.3682 Hz
Solving frequency = 60.529 Hz
Solving frequency = 57.5341 Hz
Solving frequency = 54.9028 Hz
Solving frequency = 61.0612 Hz
Solving frequency = 62.1234 Hz
Solving frequency = 56.8602 Hz
Solving frequency = 60.9719 Hz
Solving frequency = 62.7235 Hz
Solving frequency = 63.8284 Hz
Solving frequency = 67.4218 Hz
Solving frequency = 55.5803 Hz
Solving frequency = 55.5741 Hz
Solving frequency = 60.8532 Hz
Solving frequency = 62.7235 Hz
Solving frequency = 70.0182 Hz
Solving frequency = 65.4664 Hz
Solving frequency = 63.0955 Hz
Solving frequency = 63.1632 Hz
Solving frequency = 63.2471 Hz
Solving frequency = 67.8518 Hz
Solving frequency = 65.6211 Hz
Solving frequency = 70.2741 Hz
Solving frequency = 67.4536 Hz
Solving frequency = 70.082 Hz
Solving frequency = 62.3325 Hz
Solving frequency = 63.4961 Hz
Solving frequency = 62.59 Hz
Solving frequency = 72.2335 Hz
Solving frequency = 61.885 Hz
Solving frequency = 68.6955 Hz
Solving frequency = 65.4965 Hz
Solving frequency = 66.0982 Hz
Solving frequency = 69.5362 Hz
Solving frequency = 66.5823 Hz
Solving frequency = 68.5636 Hz
Solving frequency = 70.1213 Hz
Solving frequency = 69.7253 Hz
Solving frequency = 71.4694 Hz
Solving frequency = 71.0985 Hz
Solving frequency = 62.0925 Hz
Solving frequency = 66.8092 Hz
Solving frequency = 65.3851 Hz
Solving frequency = 71.3063 Hz
Solving frequency = 69.847 Hz
Solving frequency = 71.6794 Hz
Solving frequency = 73.2118 Hz
Solving frequency = 67.4036 Hz
Solving frequency = 74.1345 Hz
Solving frequency = 76.6225 Hz
Solving frequency = 75.6029 Hz
Solving frequency = 72.998 Hz
Solving frequency = 76.2428 Hz
Solving frequency = 76.7224 Hz
Solving frequency = 77.2559 Hz
Solving frequency = 80.3471 Hz
Solving frequency = 81.8934 Hz
Solving frequency = 74.9008 Hz
Solving frequency = 76.1731 Hz
Solving frequency = 76.7931 Hz
Solving frequency = 71.8236 Hz
Solving frequency = 70.8818 Hz
Solving frequency = 77.2738 Hz
Solving frequency = 77.6337 Hz
Solving frequency = 79.9744 Hz
Solving frequency = 82.2707 Hz
Solving frequency = 79.3903 Hz
Solving frequency = 76.9586 Hz
Solving frequency = 80.9454 Hz
Solving frequency = 83.0082 Hz
Solving frequency = 80.5348 Hz
Solving frequency = 79.8339 Hz
Solving frequency = 79.7448 Hz
Solving frequency = 79.2896 Hz
Solving frequency = 80.5997 Hz
Solving frequency = 75.6029 Hz
Solving frequency = 78.456 Hz
Solving frequency = 80.6647 Hz
Solving frequency = 81.103 Hz
Solving frequency = 71.4745 Hz
Solving frequency = 68.5965 Hz
Solving frequency = 75.1993 Hz
Solving frequency = 78.9765 Hz
Solving frequency = 79.9488 Hz
Solving frequency = 81.606 Hz
Solving frequency = 79.7194 Hz
Solving frequency = 76.9349 Hz
Solving frequency = 72.685 Hz
Solving frequency = 81.5528 Hz
Solving frequency = 82.6651 Hz
Solving frequency = 80.7689 Hz
Solving frequency = 85.0919 Hz
Solving frequency = 78.2228 Hz
Solving frequency = 78.4929 Hz
Solving frequency = 81.0045 Hz
Solving frequency = 80.289 Hz
Solving frequency = 78.3085 Hz
Solving frequency = 78.1189 Hz
Solving frequency = 77.4954 Hz
Solving frequency = 78.0823 Hz
Solving frequency = 79.321 Hz
Solving frequency = 82.5151 Hz
Solving frequency = 81.5993 Hz
Solving frequency = 83.2362 Hz
Solving frequency = 78.8768 Hz
Solving frequency = 80.2246 Hz
Solving frequency = 78.6411 Hz
Solving frequency = 76.6342 Hz
Solving frequency = 77.1664 Hz
Solving frequency = 83.4098 Hz
Solving frequency = 81.5794 Hz
Solving frequency = 80.8407 Hz
Solving frequency = 79.3777 Hz
Solving frequency = 79.3525 Hz
Solving frequency = 63.3955 Hz
Solving frequency = 74.6993 Hz
Solving frequency = 81.8465 Hz
Solving frequency = 80.0512 Hz
Solving frequency = 82.291 Hz
Solving frequency = 83.0979 Hz
Solving frequency = 81.42 Hz
Solving frequency = 82.5014 Hz
Solving frequency = 76.9764 Hz
Solving frequency = 79.7639 Hz
Solving frequency = 84.0195 Hz
Solving frequency = 79.8722 Hz
Solving frequency = 80.0448 Hz
Solving frequency = 71.0328 Hz
Solving frequency = 77.5615 Hz
Solving frequency = 71.7566 Hz
Solving frequency = 67.9995 Hz
Solving frequency = 75.9013 Hz
Solving frequency = 76.9408 Hz
Solving frequency = 79.6686 Hz
Solving frequency = 81.0701 Hz
Solving frequency = 76.3126 Hz
Solving frequency = 79.3399 Hz
Solving frequency = 77.3335 Hz
Solving frequency = 79.8276 Hz
Solving frequency = 79.3336 Hz
Solving frequency = 83.0634 Hz
Solving frequency = 83.4864 Hz
Solving frequency = 77.0179 Hz
Solving frequency = 82.4946 Hz
Solving frequency = 78.456 Hz
Solving frequency = 71.8597 Hz
Solving frequency = 80.1025 Hz
Solving frequency = 82.3452 Hz
Solving frequency = 80.4117 Hz
Solving frequency = 78.9453 Hz
Solving frequency = 82.5627 Hz
Solving frequency = 73.4484 Hz
Solving frequency = 82.8638 Hz
Solving frequency = 78.3392 Hz
Solving frequency = 81.2018 Hz
Solving frequency = 79.783 Hz
Solving frequency = 82.122 Hz
Solving frequency = 78.376 Hz
Solving frequency = 76.7872 Hz
Solving frequency = 78.8581 Hz
Solving frequency = 78.6535 Hz
Solving frequency = 77.8513 Hz
Solving frequency = 74.129 Hz
Solving frequency = 82.0883 Hz
Solving frequency = 79.9616 Hz
Solving frequency = 80.7168 Hz
Solving frequency = 83.0841 Hz
Solving frequency = 82.8706 Hz
Solving frequency = 85.1716 Hz
Solving frequency = 84.4523 Hz
Solving frequency = 79.1264 Hz
Solving frequency = 77.6277 Hz
Solving frequency = 82.4402 Hz
Solving frequency = 80.1025 Hz
Solving frequency = 80.8016 Hz
Solving frequency = 83.956 Hz
Solving frequency = 75.4432 Hz
Solving frequency = 78.1616 Hz
Solving frequency = 81.0898 Hz
Solving frequency = 81.7327 Hz
Solving frequency = 81.1491 Hz
Solving frequency = 82.0951 Hz
Solving frequency = 73.346 Hz
Solving frequency = 74.9738 Hz
Solving frequency = 78.2473 Hz
Solving frequency = 76.6812 Hz
Solving frequency = 74.94 Hz
Solving frequency = 85.5798 Hz
Solving frequency = 84.5666 Hz
Solving frequency = 85.5139 Hz
Solving frequency = 82.8363 Hz
Solving frequency = 81.0241 Hz
Solving frequency = 82.7267 Hz
Solving frequency = 84.6955 Hz
Solving frequency = 75.1654 Hz
Solving frequency = 83.5282 Hz
Solving frequency = 82.9256 Hz
Solving frequency = 84.4595 Hz
Solving frequency = 81.5528 Hz
Solving frequency = 80.3342 Hz
Solving frequency = 80.36 Hz
Solving frequency = 84.2673 Hz
Solving frequency = 83.8153 Hz
Solving frequency = 81.2282 Hz
Solving frequency = 87.146 Hz
Solving frequency = 82.0075 Hz
Solving frequency = 86.0437 Hz
Solving frequency = 83.2848 Hz
Solving frequency = 85.1499 Hz
Solving frequency = 83.3125 Hz
Solving frequency = 83.647 Hz
Solving frequency = 83.1947 Hz
Solving frequency = 80.8604 Hz
Solving frequency = 83.0151 Hz
Solving frequency = 84.1043 Hz
Solving frequency = 81.3537 Hz
Solving frequency = 83.5771 Hz
Solving frequency = 77.4054 Hz
Solving frequency = 72.648 Hz
Solving frequency = 70.9975 Hz
Solving frequency = 81.367 Hz
Solving frequency = 80.5412 Hz
Solving frequency = 81.9538 Hz
Solving frequency = 81.6727 Hz
Solving frequency = 86.0363 Hz
Solving frequency = 84.1114 Hz
Solving frequency = 84.9473 Hz
Solving frequency = 75.861 Hz
Solving frequency = 85.0268 Hz
Solving frequency = 83.1393 Hz
Solving frequency = 78.5916 Hz
Solving frequency = 81.8063 Hz
Solving frequency = 80.9454 Hz
Solving frequency = 77.1367 Hz
Solving frequency = 77.7907 Hz
Solving frequency = 79.1139 Hz
Solving frequency = 72.7326 Hz
Solving frequency = 79.3966 Hz
Solving frequency = 76.9053 Hz
Solving frequency = 81.9135 Hz
Solving frequency = 81.5328 Hz
Solving frequency = 81.3537 Hz
Solving frequency = 79.968 Hz
Solving frequency = 81.8331 Hz
Solving frequency = 81.6927 Hz
Solving frequency = 80.3213 Hz
Solving frequency = 81.3405 Hz
Solving frequency = 76.0919 Hz
Solving frequency = 82.3588 Hz
Solving frequency = 80.3923 Hz
Solving frequency = 84.0124 Hz
Solving frequency = 84.1751 Hz
Solving frequency = 79.0952 Hz
Solving frequency = 77.3455 Hz
Solving frequency = 71.5001 Hz
Solving frequency = 77.3635 Hz
Solving frequency = 79.0451 Hz
Solving frequency = 80.7363 Hz
Solving frequency = 84.9329 Hz
Solving frequency = 77.6759 Hz
Solving frequency = 83.7731 Hz
Solving frequency = 80.8407 Hz
Solving frequency = 76.5052 Hz
Solving frequency = 81.8934 Hz
Solving frequency = 76.3242 Hz
Solving frequency = 75.3693 Hz
Solving frequency = 81.6793 Hz
Solving frequency = 81.3471 Hz
Solving frequency = 69.701 Hz
Solving frequency = 81.2018 Hz
Solving frequency = 81.1754 Hz
Solving frequency = 78.6164 Hz
Solving frequency = 80.032 Hz
Solving frequency = 80.8146 Hz
Solving frequency = 81.9202 Hz
Solving frequency = 80.4959 Hz
Solving frequency = 82.1355 Hz
Solving frequency = 81.1227 Hz
Solving frequency = 84.0266 Hz
Solving frequency = 84.6382 Hz
Solving frequency = 81.5594 Hz
Solving frequency = 79.8531 Hz
Solving frequency = 83.1532 Hz
Solving frequency = 83.3403 Hz
Solving frequency = 79.5229 Hz
Solving frequency = 81.1293 Hz
Solving frequency = 82.447 Hz
Solving frequency = 73.1797 Hz
Solving frequency = 73.3676 Hz
Solving frequency = 78.8581 Hz
Solving frequency = 79.8722 Hz
Solving frequency = 81.5661 Hz
Solving frequency = 82.8775 Hz
Solving frequency = 84.2531 Hz
Solving frequency = 81.4133 Hz
Solving frequency = 81.7595 Hz
Solving frequency = 81.3603 Hz
Solving frequency = 80.9061 Hz
Solving frequency = 76.3184 Hz
Solving frequency = 81.6993 Hz
Solving frequency = 82.2504 Hz
Solving frequency = 73.5998 Hz
Solving frequency = 79.8913 Hz
Solving frequency = 79.6305 Hz
Solving frequency = 81.0504 Hz
Solving frequency = 76.0514 Hz
Solving frequency = 79.0389 Hz
Solving frequency = 72.7061 Hz
Solving frequency = 78.7712 Hz
Solving frequency = 84.7314 Hz
Solving frequency = 80.2246 Hz
Solving frequency = 81.3935 Hz
Solving frequency = 77.3515 Hz
Solving frequency = 82.713 Hz
Solving frequency = 79.8467 Hz
Solving frequency = 77.6277 Hz
Solving frequency = 81.1886 Hz
Solving frequency = 80.952 Hz
Solving frequency = 82.6583 Hz
Solving frequency = 80.3406 Hz
Solving frequency = 79.7003 Hz
Solving frequency = 72.1033 Hz
Solving frequency = 76.8521 Hz
Solving frequency = 72.7537 Hz
Solving frequency = 79.2833 Hz
Solving frequency = 78.703 Hz
Solving frequency = 76.6166 Hz
Solving frequency = 71.8597 Hz
Solving frequency = 75.5858 Hz
Solving frequency = 80.6842 Hz
Solving frequency = 75.5515 Hz
Solving frequency = 74.6659 Hz
Solving frequency = 77.3575 Hz
Solving frequency = 83.1186 Hz
Solving frequency = 76.3767 Hz
Solving frequency = 79.9744 Hz
Solving frequency = 80.7624 Hz
Solving frequency = 80.5607 Hz
Solving frequency = 83.9137 Hz
Solving frequency = 78.5299 Hz
Solving frequency = 82.1693 Hz
Solving frequency = 75.9994 Hz
Solving frequency = 75.8035 Hz
Solving frequency = 81.215 Hz
Solving frequency = 70.9824 Hz
Solving frequency = 52.3972 Hz
Solving frequency = 53.0335 Hz
Solving frequency = 69.7058 Hz
Solving frequency = 68.4978 Hz
Solving frequency = 56.7279 Hz
Solving frequency = 47.3015 Hz
Solving frequency = 77.1188 Hz
Solving frequency = 69.9545 Hz
Solving frequency = 78.4252 Hz
Solving frequency = 75.683 Hz
Solving frequency = 78.0579 Hz
Solving frequency = 77.2559 Hz
Solving frequency = 75.4318 Hz
Solving frequency = 77.8392 Hz
Solving frequency = 76.929 Hz
Solving frequency = 79.5735 Hz
Solving frequency = 78.3638 Hz
Solving frequency = 79.0514 Hz
Solving frequency = 73.5186 Hz
Solving frequency = 75.1936 Hz
Solving frequency = 81.0045 Hz
Solving frequency = 78.235 Hz
Solving frequency = 81.6393 Hz
Solving frequency = 78.765 Hz
Solving frequency = 78.0884 Hz
Solving frequency = 82.4674 Hz
Solving frequency = 77.6337 Hz
Solving frequency = 77.7303 Hz
Solving frequency = 84.4167 Hz
Solving frequency = 79.6876 Hz
Solving frequency = 80.186 Hz
Solving frequency = 79.5355 Hz
Solving frequency = 76.4877 Hz
Solving frequency = 84.488 Hz
Solving frequency = 81.7929 Hz
Solving frequency = 80.2826 Hz
Solving frequency = 80.8146 Hz
Solving frequency = 77.7907 Hz
Solving frequency = 80.5867 Hz
Solving frequency = 78.8146 Hz
Solving frequency = 80.4505 Hz
Solving frequency = 46.4943 Hz
Solving frequency = 72.0877 Hz
Solving frequency = 68.5401 Hz
Solving frequency = 63.488 Hz
Solving frequency = 72.8014 Hz
Solving frequency = 79.5039 Hz
Solving frequency = 83.3611 Hz
Solving frequency = 82.4334 Hz
Solving frequency = 81.4332 Hz
Solving frequency = 79.8658 Hz
Solving frequency = 85.4044 Hz
Solving frequency = 78.2105 Hz
Solving frequency = 80.5997 Hz
Solving frequency = 77.1129 Hz
Solving frequency = 84.5523 Hz
Solving frequency = 82.3452 Hz
Solving frequency = 83.7802 Hz
Solving frequency = 83.5771 Hz
Solving frequency = 83.8997 Hz
Solving frequency = 58.8512 Hz
Solving frequency = 75.643 Hz
Solving frequency = 62.162 Hz
Solving frequency = 72.2126 Hz
Solving frequency = 79.8977 Hz
Solving frequency = 66.9389 Hz
Solving frequency = 78.7154 Hz
Solving frequency = 73.7626 Hz
Solving frequency = 68.1663 Hz
Solving frequency = 78.125 Hz
Solving frequency = 79.3147 Hz
Solving frequency = 57.3723 Hz
Solving frequency = 79.1014 Hz
Solving frequency = 77.5374 Hz
Solving frequency = 78.6473 Hz
Solving frequency = 79.1515 Hz
Solving frequency = 77.7907 Hz
Solving frequency = 75.3125 Hz
Solving frequency = 78.3392 Hz
Solving frequency = 80.6842 Hz
Solving frequency = 79.1703 Hz
Solving frequency = 83.696 Hz
Solving frequency = 83.8223 Hz
Solving frequency = 84.3313 Hz
Solving frequency = 78.4929 Hz
Solving frequency = 76.4351 Hz
Solving frequency = 84.5094 Hz
Solving frequency = 83.0151 Hz
Solving frequency = 82.3791 Hz
Solving frequency = 81.9001 Hz
Solving frequency = 81.2282 Hz
Solving frequency = 79.0576 Hz
Solving frequency = 78.3024 Hz
Solving frequency = 74.6436 Hz
Solving frequency = 73.078 Hz
Solving frequency = 71.5308 Hz
Solving frequency = 79.5102 Hz
Collision constraint violation: Vehicles 0 and 6 will be 0.0788221m apart @ t = 22.51s
Collision constraint violation: Vehicles 0 and 12 will be 0.121316m apart @ t = 20.37s
Collision constraint violation: Vehicles 1 and 3 will be 0.115558m apart @ t = 4.65s
Collision constraint violation: Vehicles 1 and 13 will be 0.0518501m apart @ t = 19.41s
Collision constraint violation: Vehicles 1 and 19 will be 0.115564m apart @ t = 17.79s
Collision constraint violation: Vehicles 2 and 8 will be 0.127195m apart @ t = 20.69s
Collision constraint violation: Vehicles 2 and 26 will be 0.127704m apart @ t = 9.51s
Collision constraint violation: Vehicles 2 and 44 will be 0.0854785m apart @ t = 12.27s
Collision constraint violation: Vehicles 3 and 45 will be 0.0635402m apart @ t = 12.49s
Collision constraint violation: Vehicles 4 and 10 will be 0.115496m apart @ t = 21.98s
Collision constraint violation: Vehicles 5 and 11 will be 0.0703654m apart @ t = 21.23s
Collision constraint violation: Vehicles 5 and 17 will be 0.102916m apart @ t = 18.99s
Collision constraint violation: Vehicles 5 and 33 will be 0.135767m apart @ t = 9.77s
Collision constraint violation: Vehicles 6 and 8 will be 0.149315m apart @ t = 4.66s
Collision constraint violation: Vehicles 6 and 36 will be 0.142848m apart @ t = 9.87s
Collision constraint violation: Vehicles 8 and 9 will be 0.123978m apart @ t = 2.7s
Collision constraint violation: Vehicles 8 and 14 will be 0.0984123m apart @ t = 18.23s
Collision constraint violation: Vehicles 8 and 20 will be 0.103243m apart @ t = 16.44s
Collision constraint violation: Vehicles 8 and 38 will be 0.144249m apart @ t = 10.21s
Collision constraint violation: Vehicles 8 and 44 will be 0.0537546m apart @ t = 11.63s
Collision constraint violation: Vehicles 9 and 11 will be 0.0463886m apart @ t = 6.21s
Collision constraint violation: Vehicles 9 and 21 will be 0.0851703m apart @ t = 16.52s
Collision constraint violation: Vehicles 9 and 27 will be 0.114941m apart @ t = 8.2s
Collision constraint violation: Vehicles 9 and 39 will be 0.0764145m apart @ t = 9.8s
Collision constraint violation: Vehicles 9 and 45 will be 0.0888152m apart @ t = 11.68s
Collision constraint violation: Vehicles 10 and 16 will be 0.113145m apart @ t = 16.61s
Collision constraint violation: Vehicles 11 and 17 will be 0.0622775m apart @ t = 16.91s
Collision constraint violation: Vehicles 11 and 47 will be 0.113293m apart @ t = 11.05s
Collision constraint violation: Vehicles 13 and 31 will be 0.0617122m apart @ t = 8.29s
Collision constraint violation: Vehicles 14 and 15 will be 0.13706m apart @ t = 2.73s
Collision constraint violation: Vehicles 14 and 20 will be 0.0589122m apart @ t = 14.26s
Collision constraint violation: Vehicles 14 and 32 will be 0.0604021m apart @ t = 8.43s
Collision constraint violation: Vehicles 14 and 38 will be 0.0843502m apart @ t = 9.15s
Collision constraint violation: Vehicles 14 and 44 will be 0.0956596m apart @ t = 10.47s
Collision constraint violation: Vehicles 15 and 17 will be 0.110995m apart @ t = 4.94s
Collision constraint violation: Vehicles 15 and 21 will be 0.122949m apart @ t = 14.63s
Collision constraint violation: Vehicles 15 and 27 will be 0.0758189m apart @ t = 7.43s
Collision constraint violation: Vehicles 15 and 39 will be 0.101777m apart @ t = 8.76s
Collision constraint violation: Vehicles 16 and 22 will be 0.0764628m apart @ t = 13.68s
Collision constraint violation: Vehicles 16 and 34 will be 0.0654622m apart @ t = 8.46s
Collision constraint violation: Vehicles 16 and 46 will be 0.0154922m apart @ t = 10.45s
Collision constraint violation: Vehicles 17 and 35 will be 0.0920568m apart @ t = 8.21s
Collision constraint violation: Vehicles 17 and 47 will be 0.0757562m apart @ t = 10.02s
Collision constraint violation: Vehicles 18 and 19 will be 0.148251m apart @ t = 2.7s
Collision constraint violation: Vehicles 18 and 20 will be 0.120468m apart @ t = 5.55s
Collision constraint violation: Vehicles 18 and 22 will be 0.121553m apart @ t = 5.32s
Collision constraint violation: Vehicles 18 and 36 will be 0.121895m apart @ t = 7.83s
Collision constraint violation: Vehicles 19 and 21 will be 0.0759097m apart @ t = 4.79s
Collision constraint violation: Vehicles 19 and 23 will be 0.13659m apart @ t = 5.1s
Collision constraint violation: Vehicles 20 and 21 will be 0.0845754m apart @ t = 2.33s
Collision constraint violation: Vehicles 20 and 22 will be 0.0483894m apart @ t = 5.04s
Collision constraint violation: Vehicles 20 and 26 will be 0.12795m apart @ t = 6.68s
Collision constraint violation: Vehicles 20 and 32 will be 0.137586m apart @ t = 7.51s
Collision constraint violation: Vehicles 20 and 44 will be 0.0768589m apart @ t = 9.25s
Collision constraint violation: Vehicles 21 and 23 will be 0.143327m apart @ t = 5.3s
Collision constraint violation: Vehicles 21 and 27 will be 0.135878m apart @ t = 6.45s
Collision constraint violation: Vehicles 21 and 39 will be 0.133529m apart @ t = 7.82s
Collision constraint violation: Vehicles 22 and 23 will be 0.119717m apart @ t = 2.59s
Collision constraint violation: Vehicles 24 and 25 will be 0.0396334m apart @ t = 3.69s
Collision constraint violation: Vehicles 24 and 36 will be 0.127965m apart @ t = 15.28s
Collision constraint violation: Vehicles 24 and 42 will be 0.107378m apart @ t = 17.74s
Collision constraint violation: Vehicles 26 and 27 will be 0.0974659m apart @ t = 2.53s
Collision constraint violation: Vehicles 26 and 32 will be 0.068685m apart @ t = 13.79s
Collision constraint violation: Vehicles 26 and 38 will be 0.132198m apart @ t = 15.35s
Collision constraint violation: Vehicles 26 and 44 will be 0.106045m apart @ t = 18.26s
Collision constraint violation: Vehicles 27 and 29 will be 0.0951529m apart @ t = 4.33s
Collision constraint violation: Vehicles 27 and 33 will be 0.0826204m apart @ t = 13.61s
Collision constraint violation: Vehicles 27 and 39 will be 0.114307m apart @ t = 14.32s
Collision constraint violation: Vehicles 27 and 45 will be 0.104465m apart @ t = 18.23s
Collision constraint violation: Vehicles 28 and 29 will be 0.0775131m apart @ t = 2.36s
Collision constraint violation: Vehicles 30 and 31 will be 0.0932813m apart @ t = 2.48s
Collision constraint violation: Vehicles 30 and 34 will be 0.0885544m apart @ t = 6.34s
Collision constraint violation: Vehicles 30 and 42 will be 0.0643224m apart @ t = 19.35s
Collision constraint violation: Vehicles 31 and 35 will be 0.0609363m apart @ t = 5.52s
Collision constraint violation: Vehicles 31 and 37 will be 0.125187m apart @ t = 17.31s
Collision constraint violation: Vehicles 34 and 46 will be 0.0963649m apart @ t = 19.21s
Collision constraint violation: Vehicles 35 and 41 will be 0.0693284m apart @ t = 18.13s
Collision constraint violation: Vehicles 36 and 38 will be 0.055935m apart @ t = 5.02s
Collision constraint violation: Vehicles 36 and 40 will be 0.068661m apart @ t = 5.26s
Collision constraint violation: Vehicles 36 and 42 will be 0.139046m apart @ t = 21.73s
Collision constraint violation: Vehicles 37 and 43 will be 0.0855605m apart @ t = 20.62s
Collision constraint violation: Vehicles 38 and 40 will be 0.143536m apart @ t = 5.3s
Collision constraint violation: Vehicles 40 and 46 will be 0.137272m apart @ t = 21.18s
Collision constraint violation: Vehicles 41 and 47 will be 0.11522m apart @ t = 21.24s
Collision constraint violation: Vehicles 44 and 46 will be 0.104644m apart @ t = 4.48s
Collision constraint violation: Vehicles 45 and 47 will be 0.074283m apart @ t = 4.79s
All the vehicles reached their goals!
Writing solution to text file...
