Solving multi-robot motion planning problem...
Solving frequency = 8.4011 Hz
Solving frequency = 10.083 Hz
Solving frequency = 10.2719 Hz
Solving frequency = 9.36058 Hz
Solving frequency = 7.83607 Hz
ERROR:  Maximum number of working set recalculations performed
QP failed
Solving frequency = 6.49136 Hz
Solving frequency = 9.70808 Hz
Solving frequency = 13.1898 Hz
Solving frequency = 9.93354 Hz
Solving frequency = 12.7387 Hz
Solving frequency = 8.58605 Hz
Solving frequency = 8.21315 Hz
Solving frequency = 9.12134 Hz
Solving frequency = 9.34152 Hz
Solving frequency = 9.55968 Hz
Solving frequency = 10.9282 Hz
Solving frequency = 10.1612 Hz
Solving frequency = 11.6031 Hz
Solving frequency = 10.2851 Hz
Solving frequency = 12.4716 Hz
Solving frequency = 12.3687 Hz
Solving frequency = 13.4519 Hz
ERROR:  Maximum number of working set recalculations performed
QP failed
Solving frequency = 9.88347 Hz
Solving frequency = 8.22978 Hz
ERROR:  Maximum number of working set recalculations performed
QP failed
Solving frequency = 7.79897 Hz
Solving frequency = 8.51071 Hz
ERROR:  Maximum number of working set recalculations performed
QP failed
ERROR:  Maximum number of working set recalculations performed
QP failed
Solving frequency = 7.92261 Hz
Solving frequency = 10.641 Hz
Solving frequency = 9.67848 Hz
Solving frequency = 12.7606 Hz
Solving frequency = 13.0261 Hz
Solving frequency = 13.1714 Hz
Solving frequency = 8.28961 Hz
ERROR:  Maximum number of working set recalculations performed
QP failed
Solving frequency = 7.94401 Hz
Solving frequency = 8.63894 Hz
Solving frequency = 5.46021 Hz
Solving frequency = 9.43948 Hz
ERROR:  Maximum number of working set recalculations performed
QP failed
Solving frequency = 7.99731 Hz
Solving frequency = 9.67548 Hz
Solving frequency = 8.49351 Hz
Solving frequency = 8.9666 Hz
Solving frequency = 9.08455 Hz
ERROR:  Maximum number of working set recalculations performed
QP failed
Solving frequency = 6.85396 Hz
Solving frequency = 8.94823 Hz
Solving frequency = 8.49264 Hz
Solving frequency = 7.50576 Hz
Solving frequency = 9.66445 Hz
Solving frequency = 9.07803 Hz
Solving frequency = 10.9422 Hz
Solving frequency = 8.30199 Hz
Solving frequency = 12.9606 Hz
Solving frequency = 6.8789 Hz
Solving frequency = 13.699 Hz
Solving frequency = 7.01144 Hz
Solving frequency = 10.5091 Hz
Solving frequency = 13.2245 Hz
Solving frequency = 13.1397 Hz
Solving frequency = 9.34091 Hz
Solving frequency = 9.4162 Hz
Solving frequency = 10.5442 Hz
Solving frequency = 11.4708 Hz
Solving frequency = 11.144 Hz
Solving frequency = 9.25155 Hz
Solving frequency = 12.3086 Hz
Solving frequency = 11.402 Hz
Solving frequency = 11.6051 Hz
Solving frequency = 14.435 Hz
Solving frequency = 12.7243 Hz
Solving frequency = 14.4209 Hz
Solving frequency = 15.7156 Hz
ERROR:  Maximum number of working set recalculations performed
QP failed
Solving frequency = 10.3076 Hz
Solving frequency = 16.7232 Hz
Solving frequency = 14.8397 Hz
Solving frequency = 12.4775 Hz
Solving frequency = 13.1384 Hz
Solving frequency = 11.5978 Hz
Solving frequency = 11.578 Hz
Solving frequency = 10.6269 Hz
Solving frequency = 13.606 Hz
Solving frequency = 8.25048 Hz
Solving frequency = 8.65906 Hz
Solving frequency = 14.7033 Hz
ERROR:  Maximum number of working set recalculations performed
QP failed
Solving frequency = 7.47233 Hz
Solving frequency = 11.0892 Hz
Solving frequency = 9.60569 Hz
Solving frequency = 7.61446 Hz
Solving frequency = 12.184 Hz
Solving frequency = 9.22722 Hz
Solving frequency = 10.9608 Hz
Solving frequency = 8.14054 Hz
Solving frequency = 12.7189 Hz
Solving frequency = 15.5376 Hz
Solving frequency = 9.69819 Hz
Solving frequency = 10.2934 Hz
Solving frequency = 13.0661 Hz
Solving frequency = 15.19 Hz
ERROR:  Maximum number of working set recalculations performed
QP failed
Solving frequency = 8.73904 Hz
Solving frequency = 9.03693 Hz
Solving frequency = 9.94985 Hz
Solving frequency = 8.68071 Hz
Solving frequency = 11.4584 Hz
Solving frequency = 11.8802 Hz
ERROR:  Maximum number of working set recalculations performed
QP failed
Solving frequency = 10.8942 Hz
Solving frequency = 17.6738 Hz
Solving frequency = 12.1018 Hz
Solving frequency = 17.3464 Hz
Solving frequency = 15.7035 Hz
Solving frequency = 12.9318 Hz
Solving frequency = 15.409 Hz
Solving frequency = 13.9884 Hz
Solving frequency = 13.8263 Hz
Solving frequency = 13.195 Hz
Solving frequency = 12.7698 Hz
Solving frequency = 15.6978 Hz
Solving frequency = 17.7324 Hz
Solving frequency = 16.1642 Hz
Solving frequency = 16.8135 Hz
Solving frequency = 19.7099 Hz
Solving frequency = 14.6821 Hz
Solving frequency = 19.6754 Hz
Solving frequency = 15.3381 Hz
Solving frequency = 18.2762 Hz
Solving frequency = 17.0256 Hz
Solving frequency = 13.6872 Hz
Solving frequency = 9.89482 Hz
Solving frequency = 13.8303 Hz
Solving frequency = 20.6684 Hz
Solving frequency = 15.0107 Hz
Solving frequency = 14.5012 Hz
Solving frequency = 20.5057 Hz
Solving frequency = 14.736 Hz
Solving frequency = 19.1007 Hz
Solving frequency = 15.5902 Hz
Solving frequency = 21.2292 Hz
Solving frequency = 8.68991 Hz
Solving frequency = 16.6547 Hz
Solving frequency = 12.4964 Hz
Solving frequency = 15.1653 Hz
Solving frequency = 12.1844 Hz
ERROR:  Maximum number of working set recalculations performed
QP failed
Solving frequency = 10.0505 Hz
Solving frequency = 11.838 Hz
Solving frequency = 13.0407 Hz
Solving frequency = 11.4084 Hz
Solving frequency = 11.3507 Hz
Solving frequency = 15.8148 Hz
Solving frequency = 18.4922 Hz
Solving frequency = 13.935 Hz
Solving frequency = 18.3581 Hz
Solving frequency = 14.697 Hz
Solving frequency = 11.3249 Hz
Solving frequency = 21.3648 Hz
Solving frequency = 16.5689 Hz
Solving frequency = 8.50203 Hz
Solving frequency = 16.1621 Hz
Solving frequency = 16.2922 Hz
Solving frequency = 17.4474 Hz
Solving frequency = 23.3106 Hz
Solving frequency = 11.5988 Hz
Solving frequency = 22.4744 Hz
Solving frequency = 18.5103 Hz
Solving frequency = 23.0171 Hz
Solving frequency = 26.9447 Hz
Solving frequency = 29.9267 Hz
Solving frequency = 25.7427 Hz
Solving frequency = 21.8207 Hz
Solving frequency = 23.4219 Hz
Solving frequency = 26.6859 Hz
Solving frequency = 25.6325 Hz
Solving frequency = 12.1479 Hz
Solving frequency = 11.5211 Hz
Solving frequency = 15.9467 Hz
Solving frequency = 17.745 Hz
Solving frequency = 14.6464 Hz
Solving frequency = 22.1926 Hz
Solving frequency = 15.7724 Hz
Solving frequency = 22.3964 Hz
Solving frequency = 14.9481 Hz
Solving frequency = 16.6237 Hz
Solving frequency = 16.887 Hz
Solving frequency = 21.4142 Hz
Solving frequency = 19.354 Hz
Solving frequency = 17.6423 Hz
Solving frequency = 15.2931 Hz
Solving frequency = 15.9992 Hz
Solving frequency = 19.3278 Hz
Solving frequency = 18.3352 Hz
Solving frequency = 17.6069 Hz
Solving frequency = 17.4462 Hz
Solving frequency = 15.7684 Hz
Solving frequency = 20.1625 Hz
Solving frequency = 17.1271 Hz
Solving frequency = 28.7026 Hz
Solving frequency = 24.3926 Hz
Solving frequency = 26.8601 Hz
Solving frequency = 20.191 Hz
Solving frequency = 15.0399 Hz
Solving frequency = 22.3159 Hz
Solving frequency = 27.619 Hz
Solving frequency = 25.236 Hz
Solving frequency = 26.6959 Hz
Solving frequency = 32.0862 Hz
Solving frequency = 26.4501 Hz
Solving frequency = 21.6779 Hz
Solving frequency = 21.7633 Hz
Solving frequency = 25.3434 Hz
Solving frequency = 24.8231 Hz
Solving frequency = 31.6787 Hz
Solving frequency = 30.2755 Hz
Solving frequency = 27.9728 Hz
Solving frequency = 19.5902 Hz
Solving frequency = 12.4313 Hz
Solving frequency = 19.658 Hz
Solving frequency = 18.2202 Hz
Solving frequency = 22.9331 Hz
Solving frequency = 18.0044 Hz
Solving frequency = 24.1563 Hz
Solving frequency = 31.2676 Hz
Solving frequency = 33.9294 Hz
Solving frequency = 34.1939 Hz
Solving frequency = 32.9261 Hz
Solving frequency = 36.398 Hz
Solving frequency = 26.411 Hz
Solving frequency = 31.7864 Hz
Solving frequency = 21.0058 Hz
Solving frequency = 31.8512 Hz
Solving frequency = 23.6636 Hz
Solving frequency = 21.3461 Hz
Solving frequency = 24.5489 Hz
Solving frequency = 20.7336 Hz
Solving frequency = 18.5742 Hz
Solving frequency = 24.4972 Hz
Solving frequency = 25.9814 Hz
Solving frequency = 26.2812 Hz
Solving frequency = 19.8138 Hz
Solving frequency = 19.5798 Hz
Solving frequency = 24.6755 Hz
Solving frequency = 25.0088 Hz
Solving frequency = 29.7495 Hz
Solving frequency = 25.8038 Hz
Solving frequency = 29.0048 Hz
Solving frequency = 29.649 Hz
Solving frequency = 13.0923 Hz
Solving frequency = 24.849 Hz
Solving frequency = 24.0125 Hz
Solving frequency = 26.8233 Hz
Solving frequency = 25.9855 Hz
Solving frequency = 20.4323 Hz
Solving frequency = 26.1458 Hz
Solving frequency = 19.2322 Hz
Solving frequency = 20.0658 Hz
Solving frequency = 18.587 Hz
Solving frequency = 25.2685 Hz
Solving frequency = 19.6556 Hz
Solving frequency = 11.3909 Hz
Solving frequency = 21.8517 Hz
Solving frequency = 26.0112 Hz
Solving frequency = 26.4929 Hz
Solving frequency = 14.5009 Hz
Solving frequency = 13.9363 Hz
Solving frequency = 19.1692 Hz
Solving frequency = 18.7988 Hz
Solving frequency = 22.1518 Hz
Solving frequency = 16.5303 Hz
Solving frequency = 18.201 Hz
Solving frequency = 21.0957 Hz
Solving frequency = 20.8121 Hz
Solving frequency = 18.7182 Hz
Solving frequency = 19.6071 Hz
Solving frequency = 18.8865 Hz
Solving frequency = 16.9883 Hz
Solving frequency = 21.8317 Hz
ERROR:  Maximum number of working set recalculations performed
QP failed
ERROR:  Maximum number of working set recalculations performed
QP failed
Solving frequency = 10.5617 Hz
Solving frequency = 21.8589 Hz
Solving frequency = 22.5693 Hz
Solving frequency = 21.6572 Hz
Solving frequency = 17.9224 Hz
Solving frequency = 17.3112 Hz
Solving frequency = 12.1377 Hz
Solving frequency = 9.94649 Hz
Solving frequency = 13.2067 Hz
Solving frequency = 17.6274 Hz
Solving frequency = 16.4214 Hz
Solving frequency = 13.3143 Hz
Solving frequency = 14.1357 Hz
Solving frequency = 14.3928 Hz
Solving frequency = 14.3726 Hz
Solving frequency = 16.1964 Hz
Solving frequency = 13.0185 Hz
Solving frequency = 13.7137 Hz
Solving frequency = 10.6488 Hz
Solving frequency = 13.2989 Hz
Solving frequency = 11.435 Hz
Solving frequency = 17.8514 Hz
Solving frequency = 20.7671 Hz
Solving frequency = 21.0469 Hz
Solving frequency = 26.5506 Hz
Solving frequency = 24.4254 Hz
Solving frequency = 22.2519 Hz
Solving frequency = 24.8855 Hz
Solving frequency = 22.2138 Hz
Collision constraint violation: Vehicles 1 and 16 will be 0.0731068m apart @ t = 5.62s
Collision constraint violation: Vehicles 1 and 31 will be 0.130148m apart @ t = 5.59s
Collision constraint violation: Vehicles 5 and 32 will be 0.0963936m apart @ t = 12.88s
Collision constraint violation: Vehicles 6 and 36 will be 0.0754955m apart @ t = 4.75s
Collision constraint violation: Vehicles 9 and 35 will be 0.0267795m apart @ t = 3.4s
Collision constraint violation: Vehicles 10 and 48 will be 0.0848767m apart @ t = 12.35s
Collision constraint violation: Vehicles 11 and 21 will be 0.117744m apart @ t = 7.67s
Collision constraint violation: Vehicles 11 and 42 will be 0.144177m apart @ t = 18.38s
Collision constraint violation: Vehicles 12 and 34 will be 0.104127m apart @ t = 11.47s
Collision constraint violation: Vehicles 14 and 33 will be 0.0699435m apart @ t = 10.46s
Collision constraint violation: Vehicles 14 and 46 will be 0.0668532m apart @ t = 9.02s
Collision constraint violation: Vehicles 16 and 38 will be 0.115893m apart @ t = 6.39s
Collision constraint violation: Vehicles 20 and 41 will be 0.0791839m apart @ t = 19.83s
Collision constraint violation: Vehicles 22 and 33 will be 0.0938428m apart @ t = 9.35s
Collision constraint violation: Vehicles 23 and 30 will be 0.0794785m apart @ t = 14.65s
Collision constraint violation: Vehicles 23 and 42 will be 0.114036m apart @ t = 14.59s
Collision constraint violation: Vehicles 25 and 42 will be 0.132263m apart @ t = 5.08s
Collision constraint violation: Vehicles 25 and 49 will be 0.146436m apart @ t = 14.51s
Collision constraint violation: Vehicles 27 and 36 will be 0.106213m apart @ t = 8.08s
Collision constraint violation: Vehicles 30 and 49 will be 0.133036m apart @ t = 1.68s
Collision constraint violation: Vehicles 31 and 38 will be 0.107038m apart @ t = 13.45s
Vehicle 30 did not reached its goal by 0.111649 m
Writing solution to text file...

